[2016-12-24 21:39:48] START
[2016-12-25 21:46:00] EDIT sfitz/models/db.py: -13
[2016-12-25 21:46:45] DELETE sfitz/models/menu.py: -115
[2016-12-25 21:48:15] EDIT sfitz/views/default/index.html: -44
[2016-12-25 21:48:27] EDIT sfitz/views/default/index.html: -1
[2016-12-25 21:51:20] EDIT sfitz/models/db.py: 3
[2016-12-25 21:51:27] EDIT sfitz/models/db.py: 0
[2016-12-25 21:51:29] EDIT sfitz/models/db.py: 0
[2016-12-25 21:53:43] EDIT sfitz/models/db.py: 0
[2016-12-25 21:53:59] EDIT sfitz/models/db.py: 0
[2016-12-25 21:54:18] EDIT sfitz/models/db.py: 0
[2016-12-25 21:54:33] EDIT sfitz/models/db.py: 0
[2016-12-25 21:55:14] EDIT sfitz/models/db.py: 1
[2016-12-25 21:55:21] EDIT sfitz/models/db.py: 0
[2016-12-25 21:55:26] EDIT sfitz/models/db.py: 0
[2016-12-25 22:02:27] EDIT sfitz/models/db.py: 1
[2016-12-25 22:03:53] EDIT sfitz/models/db.py: 0
[2016-12-25 22:05:15] EDIT sfitz/models/db.py: 0
[2016-12-26 14:44:40] EDIT sfitz/models/db.py: 9
[2016-12-26 14:46:13] EDIT sfitz/models/db.py: 0
[2016-12-26 14:46:14] EDIT sfitz/models/db.py: 0
[2016-12-26 14:51:09] EDIT sfitz/controllers/default.py: 3
[2016-12-26 14:51:20] EDIT sfitz/controllers/default.py: 0
[2016-12-26 14:51:45] EDIT sfitz/controllers/default.py: 0
[2016-12-26 14:52:05] EDIT sfitz/models/db.py: 0
[2016-12-26 14:52:50] EDIT sfitz/controllers/default.py: 2
[2016-12-26 14:54:51] EDIT sfitz/controllers/default.py: 1
[2016-12-26 14:57:47] EDIT sfitz/views/default/index.html: 4
[2016-12-26 14:58:07] EDIT sfitz/views/default/index.html: 1
[2016-12-26 14:58:43] EDIT sfitz/views/default/index.html: 1
[2016-12-26 18:30:45] CREATE default/item.html: 0
[2016-12-26 18:34:52] EDIT sfitz/controllers/default.py: 1
[2016-12-26 18:35:21] EDIT sfitz/controllers/default.py: 0
[2016-12-26 18:36:07] EDIT sfitz/controllers/default.py: 0
[2016-12-26 18:36:34] EDIT sfitz/views/default/index.html: 2
[2016-12-26 18:36:43] EDIT sfitz/views/default/index.html: -1
[2016-12-26 18:36:54] EDIT sfitz/views/default/index.html: -1
[2016-12-26 18:36:55] EDIT sfitz/views/default/index.html: 0
[2016-12-26 18:37:36] EDIT sfitz/views/default/index.html: 0
[2016-12-26 18:38:05] EDIT sfitz/views/default/item.html: 0
[2016-12-26 18:38:12] EDIT sfitz/views/default/item.html: 0
[2016-12-26 18:38:18] EDIT sfitz/views/default/item.html: 0
[2016-12-26 18:38:30] EDIT sfitz/views/default/index.html: 0
[2016-12-26 18:39:12] CREATE default/listing.html: 0
[2016-12-26 18:39:50] EDIT sfitz/views/default/listing.html: 0
[2016-12-26 18:39:53] EDIT sfitz/views/default/listing.html: 0
[2016-12-26 18:40:05] EDIT sfitz/views/default/index.html: 0
[2016-12-26 19:16:23] EDIT sfitz/views/default/index.html: 3
[2016-12-26 19:16:33] EDIT sfitz/views/default/index.html: 0
[2016-12-26 19:17:13] EDIT sfitz/views/default/index.html: 0
[2016-12-26 19:18:18] EDIT sfitz/views/default/index.html: 0
[2016-12-26 19:18:57] EDIT sfitz/views/default/index.html: 0
[2016-12-26 19:20:29] EDIT sfitz/views/default/listing.html: -1
[2016-12-26 19:21:18] EDIT sfitz/views/default/listing.html: 4
[2016-12-26 19:25:55] CREATE default/order.html: 0
[2016-12-26 19:26:20] EDIT sfitz/controllers/default.py: 2
[2016-12-26 19:26:31] EDIT sfitz/controllers/default.py: 1
[2016-12-26 19:26:35] EDIT sfitz/controllers/default.py: 0
[2016-12-26 19:27:18] EDIT sfitz/controllers/default.py: 0
[2016-12-26 19:27:23] EDIT sfitz/controllers/default.py: -1
[2016-12-26 19:28:02] EDIT sfitz/views/default/order.html: 0
[2016-12-26 19:28:27] EDIT sfitz/views/default/listing.html: 1
[2016-12-26 19:28:47] EDIT sfitz/views/default/order.html: 1
[2016-12-26 19:29:49] EDIT sfitz/views/default/listing.html: 0
[2016-12-26 19:29:56] EDIT sfitz/views/default/order.html: 0
[2016-12-26 19:31:53] EDIT sfitz/models/db.py: 0
[2016-12-26 19:32:08] EDIT sfitz/models/db.py: -1
[2016-12-26 19:33:19] EDIT sfitz/views/default/order.html: 1
[2016-12-26 19:34:24] EDIT sfitz/controllers/default.py: 2
[2016-12-26 19:34:31] EDIT sfitz/controllers/default.py: 0
[2016-12-26 19:34:46] EDIT sfitz/controllers/default.py: 0
[2016-12-26 19:34:54] EDIT sfitz/controllers/default.py: 0
[2016-12-26 19:34:57] EDIT sfitz/controllers/default.py: 0
[2016-12-26 19:35:08] EDIT sfitz/controllers/default.py: 0
[2016-12-26 19:35:42] EDIT sfitz/controllers/default.py: 0
[2016-12-26 19:36:08] EDIT sfitz/controllers/default.py: -1
[2016-12-26 19:36:43] EDIT sfitz/models/db.py: 0
[2016-12-26 19:36:58] EDIT sfitz/models/db.py: 1
[2016-12-26 19:37:05] EDIT sfitz/models/db.py: 0
[2016-12-26 19:38:19] EDIT sfitz/models/db.py: -1
[2016-12-26 19:39:00] EDIT sfitz/models/db.py: -1
[2016-12-26 19:39:25] EDIT sfitz/controllers/default.py: 2
[2016-12-26 19:40:18] EDIT sfitz/models/db.py: 0
[2016-12-26 19:40:55] EDIT sfitz/models/db.py: 0
[2016-12-26 19:41:00] EDIT sfitz/models/db.py: -1
[2016-12-26 19:41:09] EDIT sfitz/models/db.py: 0
[2016-12-26 19:41:14] EDIT sfitz/controllers/default.py: 0
[2016-12-26 19:41:30] EDIT sfitz/models/db.py: -1
[2016-12-26 19:41:36] EDIT sfitz/models/db.py: 0
[2016-12-26 19:42:21] EDIT sfitz/models/db.py: -2
[2016-12-26 19:42:26] EDIT sfitz/models/db.py: 0
[2016-12-26 19:46:11] EDIT sfitz/controllers/default.py: 0
[2016-12-26 19:47:43] EDIT sfitz/controllers/default.py: 0
[2016-12-26 19:48:07] EDIT sfitz/controllers/default.py: 2
[2016-12-26 19:49:05] EDIT sfitz/models/db.py: 0
[2016-12-26 19:49:28] EDIT sfitz/models/db.py: -7
[2016-12-26 19:49:49] EDIT sfitz/controllers/default.py: 0
[2016-12-26 19:52:17] EDIT sfitz/controllers/default.py: -5
[2016-12-26 19:52:22] EDIT sfitz/controllers/default.py: 0
[2016-12-26 19:52:32] EDIT sfitz/views/default/order.html: -1
[2016-12-26 19:53:24] EDIT sfitz/models/db.py: 5
[2016-12-26 19:53:57] EDIT sfitz/models/db.py: 2
[2016-12-26 19:58:38] EDIT sfitz/controllers/default.py: 1
[2016-12-26 19:58:48] EDIT sfitz/controllers/default.py: 2
[2016-12-26 19:58:50] EDIT sfitz/controllers/default.py: 0
[2016-12-26 19:58:54] EDIT sfitz/controllers/default.py: 0
[2016-12-26 19:59:13] EDIT sfitz/views/default/order.html: 1
[2016-12-26 19:59:15] EDIT sfitz/views/default/order.html: 0
[2016-12-26 20:03:45] CREATE default/orderform.html: 0
[2016-12-26 20:03:49] DELETE sfitz/views/default/order.html: -5
[2016-12-26 20:03:55] EDIT sfitz/views/default/orderform.html: 2
[2016-12-26 20:03:56] EDIT sfitz/views/default/orderform.html: 0
[2016-12-26 20:04:05] EDIT sfitz/views/default/listing.html: 0
[2016-12-26 20:05:53] EDIT sfitz/models/db.py: 1
[2016-12-26 20:07:34] EDIT sfitz/controllers/default.py: 1
[2016-12-26 20:07:42] EDIT sfitz/controllers/default.py: 0
[2016-12-26 20:16:30] EDIT sfitz/controllers/default.py: 0
[2016-12-26 20:16:40] EDIT sfitz/controllers/default.py: 0
[2016-12-26 20:17:05] EDIT sfitz/controllers/default.py: 0
[2016-12-26 20:18:10] EDIT sfitz/models/db.py: 1
[2016-12-26 20:18:20] EDIT sfitz/models/db.py: 1
[2016-12-26 20:18:28] EDIT sfitz/models/db.py: 0
[2016-12-26 20:18:39] EDIT sfitz/models/db.py: 0
[2016-12-26 20:18:50] EDIT sfitz/controllers/default.py: 1
[2016-12-26 20:18:53] EDIT sfitz/controllers/default.py: 0
[2016-12-26 20:19:05] EDIT sfitz/models/db.py: 0
[2016-12-26 20:19:08] EDIT sfitz/models/db.py: 0
[2016-12-26 20:20:15] EDIT sfitz/controllers/default.py: 2
[2016-12-26 20:20:23] EDIT sfitz/controllers/default.py: 1
[2016-12-26 20:20:34] CREATE default/pending.html: 0
[2016-12-26 20:21:20] EDIT sfitz/views/default/pending.html: 10
[2016-12-26 20:21:35] EDIT sfitz/controllers/default.py: 1
[2016-12-26 20:22:40] EDIT sfitz/controllers/default.py: 4
[2016-12-26 20:23:02] EDIT sfitz/controllers/default.py: 8
[2016-12-26 20:29:55] EDIT sfitz/controllers/default.py: 0
[2016-12-26 21:09:23] EDIT sfitz/views/default/pending.html: 0
[2016-12-26 21:09:49] EDIT sfitz/controllers/default.py: 0
[2016-12-26 21:10:36] EDIT sfitz/views/default/pending.html: 0
[2016-12-26 21:10:46] EDIT sfitz/views/default/pending.html: 0
[2016-12-28 22:11:43] CREATE default/success.html: 0
[2016-12-28 22:11:53] CREATE default/ordererror.html: 0
[2016-12-28 22:13:42] EDIT sfitz/models/db.py: 4
[2016-12-28 22:14:04] EDIT sfitz/models/db.py: -1
[2016-12-28 22:15:26] EDIT sfitz/models/db.py: 3
[2016-12-28 22:15:57] EDIT sfitz/models/db.py: 0
[2016-12-28 22:17:03] EDIT sfitz/models/db.py: -3
[2016-12-28 22:17:41] EDIT sfitz/models/db.py: 0
[2016-12-28 22:17:44] EDIT sfitz/models/db.py: 0
[2016-12-28 22:18:13] EDIT sfitz/models/db.py: 1
[2016-12-28 22:18:52] EDIT sfitz/models/db.py: 0
[2016-12-28 22:19:37] EDIT sfitz/models/db.py: 1
[2016-12-28 22:19:54] EDIT sfitz/models/db.py: 1
[2016-12-28 22:20:42] EDIT sfitz/controllers/default.py: 0
[2016-12-28 22:24:22] EDIT sfitz/controllers/default.py: 0
[2016-12-28 22:24:53] EDIT sfitz/views/default/pending.html: -2
[2016-12-28 22:25:54] EDIT sfitz/views/default/index.html: 1
[2016-12-28 22:26:04] EDIT sfitz/views/default/index.html: 2
[2016-12-28 22:29:19] EDIT sfitz/controllers/default.py: 1
[2016-12-28 22:29:28] EDIT sfitz/controllers/default.py: -1
[2016-12-28 22:30:24] EDIT sfitz/views/default/pending.html: 3
[2016-12-28 22:30:48] EDIT sfitz/views/default/pending.html: 1
[2016-12-28 22:36:47] EDIT sfitz/models/db.py: 2
[2016-12-28 22:39:45] EDIT sfitz/views/default/index.html: 1
[2016-12-28 22:49:44] EDIT sfitz/models/db.py: 0
[2016-12-28 22:51:11] EDIT sfitz/controllers/default.py: 0
[2016-12-28 22:51:45] EDIT sfitz/controllers/default.py: 0
[2016-12-28 22:52:16] EDIT sfitz/controllers/default.py: 0
[2016-12-28 22:52:55] EDIT sfitz/controllers/default.py: 0
[2016-12-28 22:53:12] EDIT sfitz/views/default/pending.html: 0
[2016-12-28 22:53:37] EDIT sfitz/views/default/pending.html: 0
[2016-12-28 22:54:30] EDIT sfitz/views/default/pending.html: 0
[2016-12-28 23:24:38] EDIT sfitz/controllers/default.py: -33
[2016-12-28 23:24:44] EDIT sfitz/controllers/default.py: 0
[2016-12-28 23:25:24] EDIT sfitz/controllers/default.py: 0
[2016-12-28 23:26:20] EDIT sfitz/controllers/default.py: 0
[2016-12-28 23:26:45] EDIT sfitz/controllers/default.py: 0
[2016-12-28 23:31:24] EDIT sfitz/controllers/default.py: 0
[2016-12-28 23:40:14] EDIT sfitz/models/db.py: 1
[2016-12-28 23:44:37] EDIT sfitz/models/db.py: 0
[2016-12-28 23:47:32] EDIT sfitz/controllers/default.py: 0
[2016-12-28 23:56:53] EDIT sfitz/controllers/default.py: 0
[2016-12-28 23:57:30] EDIT sfitz/models/db.py: 0
[2016-12-28 23:58:22] EDIT sfitz/controllers/default.py: 0
[2016-12-28 23:58:37] CREATE default/payment.html: 0
[2016-12-28 23:58:49] EDIT sfitz/views/default/payment.html: -1
[2016-12-28 23:59:16] EDIT sfitz/views/default/payment.html: 1
[2016-12-29 00:01:22] EDIT sfitz/views/default/index.html: 0
[2016-12-29 00:03:40] EDIT sfitz/models/db.py: 0
[2016-12-29 00:04:45] EDIT sfitz/models/db.py: 0
[2016-12-29 00:05:02] EDIT sfitz/models/db.py: 0
